Loading train data from 'processed_data/nqg_ACL17/nqg'
 * number of train sentences: 69979
Loading valid data from 'processed_data/nqg_ACL17/nqg'
 * number of valid sentences: 10440
 * maximum batch size: 64
 * vocabulary size. source = 45002; target = 28004
Building model...
Intializing model parameters.
NMTModel(
  (encoder): RNNEncoder(
    (embeddings): Embeddings(
      (make_embedding): Sequential(
        (emb_luts): Elementwise(
          (0): Embedding(45002, 300, padding_idx=1)
        )
      )
    )
    (rnn): LSTM(300, 300, num_layers=2, dropout=0.3, bidirectional=True)
  )
  (decoder): InputFeedRNNDecoder(
    (embeddings): Embeddings(
      (make_embedding): Sequential(
        (emb_luts): Elementwise(
          (0): Embedding(28004, 300, padding_idx=1)
        )
      )
    )
    (dropout): Dropout(p=0.3)
    (rnn): StackedLSTM(
      (dropout): Dropout(p=0.3)
      (layers): ModuleList(
        (0): LSTMCell(900, 600)
        (1): LSTMCell(600, 600)
      )
    )
    (attn): GlobalAttention(
      (linear_in): Linear(in_features=600, out_features=600)
      (linear_out): Linear(in_features=1200, out_features=600)
      (sm): Softmax()
      (tanh): Tanh()
    )
  )
  (generator): Sequential(
    (0): Linear(in_features=600, out_features=28004)
    (1): LogSoftmax()
  )
)
* number of parameters: 49911404
encoder:  17110200
decoder:  32801204
* number of trainable parameters: 28009604
encoder.embeddings.make_embedding.emb_luts.0.weight : torch.Size([45002, 300]), trainable = False
encoder.rnn.weight_ih_l0 : torch.Size([1200, 300]), trainable = True
encoder.rnn.weight_hh_l0 : torch.Size([1200, 300]), trainable = True
encoder.rnn.bias_ih_l0 : torch.Size([1200]), trainable = True
encoder.rnn.bias_hh_l0 : torch.Size([1200]), trainable = True
encoder.rnn.weight_ih_l0_reverse : torch.Size([1200, 300]), trainable = True
encoder.rnn.weight_hh_l0_reverse : torch.Size([1200, 300]), trainable = True
encoder.rnn.bias_ih_l0_reverse : torch.Size([1200]), trainable = True
encoder.rnn.bias_hh_l0_reverse : torch.Size([1200]), trainable = True
encoder.rnn.weight_ih_l1 : torch.Size([1200, 600]), trainable = True
encoder.rnn.weight_hh_l1 : torch.Size([1200, 300]), trainable = True
encoder.rnn.bias_ih_l1 : torch.Size([1200]), trainable = True
encoder.rnn.bias_hh_l1 : torch.Size([1200]), trainable = True
encoder.rnn.weight_ih_l1_reverse : torch.Size([1200, 600]), trainable = True
encoder.rnn.weight_hh_l1_reverse : torch.Size([1200, 300]), trainable = True
encoder.rnn.bias_ih_l1_reverse : torch.Size([1200]), trainable = True
encoder.rnn.bias_hh_l1_reverse : torch.Size([1200]), trainable = True
decoder.embeddings.make_embedding.emb_luts.0.weight : torch.Size([28004, 300]), trainable = False
decoder.rnn.layers.0.weight_ih : torch.Size([2400, 900]), trainable = True
decoder.rnn.layers.0.weight_hh : torch.Size([2400, 600]), trainable = True
decoder.rnn.layers.0.bias_ih : torch.Size([2400]), trainable = True
decoder.rnn.layers.0.bias_hh : torch.Size([2400]), trainable = True
decoder.rnn.layers.1.weight_ih : torch.Size([2400, 600]), trainable = True
decoder.rnn.layers.1.weight_hh : torch.Size([2400, 600]), trainable = True
decoder.rnn.layers.1.bias_ih : torch.Size([2400]), trainable = True
decoder.rnn.layers.1.bias_hh : torch.Size([2400]), trainable = True
decoder.attn.linear_in.weight : torch.Size([600, 600]), trainable = True
decoder.attn.linear_out.weight : torch.Size([600, 1200]), trainable = True
generator.0.weight : torch.Size([28004, 600]), trainable = True
generator.0.bias : torch.Size([28004]), trainable = True

/research/king2/yfgao/nqg_attn/onmt/modules/GlobalAttention.py:177: UserWarning: Implicit dimension choice for softmax has been deprecated. Change the call to include dim=X as an argument.
  align_vectors = self.sm(align.view(batch*targetL, sourceL))
/research/king2/yfgao/pytorch0.3.0_py3.6/lib/python3.6/site-packages/torch/nn/modules/container.py:67: UserWarning: Implicit dimension choice for log_softmax has been deprecated. Change the call to include dim=X as an argument.
  input = module(input)
Epoch  1,    50/ 1094; acc:   9.09; ppl: 67730.33; 10746 src tok/s; 4029 tgt tok/s;     10 s elapsed
Epoch  1,   100/ 1094; acc:  13.77; ppl: 9415.49; 12097 src tok/s; 4693 tgt tok/s;     18 s elapsed
Epoch  1,   150/ 1094; acc:  17.07; ppl: 2534.01; 12317 src tok/s; 4559 tgt tok/s;     27 s elapsed
Epoch  1,   200/ 1094; acc:  18.31; ppl: 1188.14; 11594 src tok/s; 4549 tgt tok/s;     35 s elapsed
Epoch  1,   250/ 1094; acc:  20.39; ppl: 590.77; 12010 src tok/s; 4461 tgt tok/s;     44 s elapsed
Epoch  1,   300/ 1094; acc:  22.40; ppl: 428.63; 11941 src tok/s; 4558 tgt tok/s;     53 s elapsed
Epoch  1,   350/ 1094; acc:  24.38; ppl: 335.34; 12049 src tok/s; 4327 tgt tok/s;     62 s elapsed
Epoch  1,   400/ 1094; acc:  25.68; ppl: 277.28; 11186 src tok/s; 4594 tgt tok/s;     70 s elapsed
Epoch  1,   450/ 1094; acc:  24.70; ppl: 280.73; 11993 src tok/s; 4358 tgt tok/s;     79 s elapsed
Epoch  1,   500/ 1094; acc:  26.36; ppl: 239.16; 11287 src tok/s; 4577 tgt tok/s;     88 s elapsed
Epoch  1,   550/ 1094; acc:  26.48; ppl: 222.87; 11224 src tok/s; 4453 tgt tok/s;     97 s elapsed
Epoch  1,   600/ 1094; acc:  27.50; ppl: 202.25; 11778 src tok/s; 4290 tgt tok/s;    106 s elapsed
Epoch  1,   650/ 1094; acc:  27.45; ppl: 194.54; 11994 src tok/s; 4509 tgt tok/s;    115 s elapsed
Epoch  1,   700/ 1094; acc:  27.84; ppl: 186.23; 11264 src tok/s; 4512 tgt tok/s;    123 s elapsed
Epoch  1,   750/ 1094; acc:  29.28; ppl: 166.20; 12097 src tok/s; 4482 tgt tok/s;    132 s elapsed
Epoch  1,   800/ 1094; acc:  28.92; ppl: 162.15; 11540 src tok/s; 4583 tgt tok/s;    141 s elapsed
Epoch  1,   850/ 1094; acc:  29.42; ppl: 152.88; 11696 src tok/s; 4493 tgt tok/s;    150 s elapsed
Epoch  1,   900/ 1094; acc:  29.90; ppl: 144.26; 11257 src tok/s; 4303 tgt tok/s;    159 s elapsed
Epoch  1,   950/ 1094; acc:  30.40; ppl: 131.46; 11443 src tok/s; 4847 tgt tok/s;    167 s elapsed
Epoch  1,  1000/ 1094; acc:  30.40; ppl: 127.67; 14112 src tok/s; 4878 tgt tok/s;    175 s elapsed
Epoch  1,  1050/ 1094; acc:  30.91; ppl: 124.23; 12840 src tok/s; 5009 tgt tok/s;    183 s elapsed
Train perplexity: 387.518
Train accuracy: 25.0181
Validation perplexity: 101.183
Validation accuracy: 33.3686

Epoch  2,    50/ 1094; acc:  31.55; ppl: 106.36; 11364 src tok/s; 4526 tgt tok/s;      9 s elapsed
Epoch  2,   100/ 1094; acc:  31.06; ppl: 108.92; 12798 src tok/s; 4725 tgt tok/s;     17 s elapsed
Epoch  2,   150/ 1094; acc:  32.02; ppl: 100.80; 11827 src tok/s; 4498 tgt tok/s;     26 s elapsed
Epoch  2,   200/ 1094; acc:  32.33; ppl:  97.98; 11638 src tok/s; 4435 tgt tok/s;     35 s elapsed
Epoch  2,   250/ 1094; acc:  32.17; ppl:  94.03; 12527 src tok/s; 4530 tgt tok/s;     43 s elapsed
Epoch  2,   300/ 1094; acc:  33.05; ppl:  88.41; 11438 src tok/s; 4620 tgt tok/s;     52 s elapsed
Epoch  2,   350/ 1094; acc:  33.18; ppl:  87.15; 11867 src tok/s; 4535 tgt tok/s;     61 s elapsed
Epoch  2,   400/ 1094; acc:  33.39; ppl:  81.48; 12051 src tok/s; 4535 tgt tok/s;     69 s elapsed
Epoch  2,   450/ 1094; acc:  33.27; ppl:  84.61; 12057 src tok/s; 4600 tgt tok/s;     78 s elapsed
Epoch  2,   500/ 1094; acc:  34.02; ppl:  78.69; 11930 src tok/s; 4512 tgt tok/s;     86 s elapsed
Epoch  2,   550/ 1094; acc:  34.21; ppl:  77.89; 11389 src tok/s; 4405 tgt tok/s;     95 s elapsed
Epoch  2,   600/ 1094; acc:  33.97; ppl:  78.66; 12123 src tok/s; 4577 tgt tok/s;    104 s elapsed
Epoch  2,   650/ 1094; acc:  34.47; ppl:  73.23; 11797 src tok/s; 4630 tgt tok/s;    112 s elapsed
Epoch  2,   700/ 1094; acc:  35.08; ppl:  70.95; 12195 src tok/s; 4528 tgt tok/s;    121 s elapsed
Epoch  2,   750/ 1094; acc:  35.14; ppl:  69.32; 12454 src tok/s; 4584 tgt tok/s;    130 s elapsed
Epoch  2,   800/ 1094; acc:  35.03; ppl:  66.64; 11475 src tok/s; 4627 tgt tok/s;    138 s elapsed
Epoch  2,   850/ 1094; acc:  34.93; ppl:  66.48; 11613 src tok/s; 4553 tgt tok/s;    147 s elapsed
Epoch  2,   900/ 1094; acc:  35.70; ppl:  64.35; 12139 src tok/s; 4609 tgt tok/s;    155 s elapsed
Epoch  2,   950/ 1094; acc:  35.67; ppl:  64.29; 11745 src tok/s; 4661 tgt tok/s;    164 s elapsed
Epoch  2,  1000/ 1094; acc:  35.52; ppl:  62.08; 12432 src tok/s; 4565 tgt tok/s;    172 s elapsed
Epoch  2,  1050/ 1094; acc:  36.56; ppl:  59.26; 12394 src tok/s; 4794 tgt tok/s;    181 s elapsed
Train perplexity: 77.8685
Train accuracy: 34.0164
Validation perplexity: 62.7749
Validation accuracy: 34.9781

Epoch  3,    50/ 1094; acc:  37.27; ppl:  50.79; 11888 src tok/s; 4483 tgt tok/s;      9 s elapsed
Epoch  3,   100/ 1094; acc:  37.78; ppl:  48.59; 12113 src tok/s; 4622 tgt tok/s;     17 s elapsed
Epoch  3,   150/ 1094; acc:  38.07; ppl:  47.52; 12480 src tok/s; 4689 tgt tok/s;     26 s elapsed
Epoch  3,   200/ 1094; acc:  37.53; ppl:  48.46; 12040 src tok/s; 4711 tgt tok/s;     34 s elapsed
Epoch  3,   250/ 1094; acc:  38.03; ppl:  46.75; 11559 src tok/s; 4302 tgt tok/s;     43 s elapsed
Epoch  3,   300/ 1094; acc:  38.46; ppl:  45.63; 11712 src tok/s; 4532 tgt tok/s;     52 s elapsed
Epoch  3,   350/ 1094; acc:  38.11; ppl:  46.58; 10664 src tok/s; 4271 tgt tok/s;     61 s elapsed
Epoch  3,   400/ 1094; acc:  38.47; ppl:  45.02; 11433 src tok/s; 4235 tgt tok/s;     70 s elapsed
Epoch  3,   450/ 1094; acc:  39.00; ppl:  42.09; 11252 src tok/s; 4036 tgt tok/s;     80 s elapsed
Epoch  3,   500/ 1094; acc:  39.23; ppl:  42.54; 11033 src tok/s; 4463 tgt tok/s;     89 s elapsed
Epoch  3,   550/ 1094; acc:  39.15; ppl:  42.29; 11433 src tok/s; 4281 tgt tok/s;     98 s elapsed
Epoch  3,   600/ 1094; acc:  38.92; ppl:  41.66; 11462 src tok/s; 4471 tgt tok/s;    107 s elapsed
Epoch  3,   650/ 1094; acc:  39.46; ppl:  41.35; 11411 src tok/s; 4435 tgt tok/s;    116 s elapsed
Epoch  3,   700/ 1094; acc:  39.72; ppl:  41.37; 11435 src tok/s; 4282 tgt tok/s;    125 s elapsed
Epoch  3,   750/ 1094; acc:  38.96; ppl:  42.59; 11641 src tok/s; 4335 tgt tok/s;    134 s elapsed
Epoch  3,   800/ 1094; acc:  40.33; ppl:  39.57; 11686 src tok/s; 4564 tgt tok/s;    143 s elapsed
Epoch  3,   850/ 1094; acc:  40.27; ppl:  39.07; 11613 src tok/s; 4631 tgt tok/s;    151 s elapsed
Epoch  3,   900/ 1094; acc:  39.81; ppl:  39.79; 10996 src tok/s; 4138 tgt tok/s;    161 s elapsed
Epoch  3,   950/ 1094; acc:  40.10; ppl:  38.32; 11273 src tok/s; 4274 tgt tok/s;    170 s elapsed
Epoch  3,  1000/ 1094; acc:  39.85; ppl:  39.35; 11344 src tok/s; 4292 tgt tok/s;    179 s elapsed
Epoch  3,  1050/ 1094; acc:  40.54; ppl:  37.39; 10691 src tok/s; 4221 tgt tok/s;    188 s elapsed
Train perplexity: 42.7383
Train accuracy: 39.0857
Validation perplexity: 43.8048
Validation accuracy: 39.4819

Epoch  4,    50/ 1094; acc:  42.50; ppl:  29.28; 11859 src tok/s; 4340 tgt tok/s;      9 s elapsed
Epoch  4,   100/ 1094; acc:  42.81; ppl:  28.87; 11882 src tok/s; 4758 tgt tok/s;     17 s elapsed
Epoch  4,   150/ 1094; acc:  42.61; ppl:  29.08; 11770 src tok/s; 4620 tgt tok/s;     26 s elapsed
Epoch  4,   200/ 1094; acc:  42.68; ppl:  29.99; 12293 src tok/s; 4588 tgt tok/s;     34 s elapsed
Epoch  4,   250/ 1094; acc:  42.77; ppl:  29.53; 11463 src tok/s; 4608 tgt tok/s;     43 s elapsed
Epoch  4,   300/ 1094; acc:  42.70; ppl:  28.78; 12280 src tok/s; 4460 tgt tok/s;     52 s elapsed
Epoch  4,   350/ 1094; acc:  42.68; ppl:  29.98; 12626 src tok/s; 4429 tgt tok/s;     61 s elapsed
Epoch  4,   400/ 1094; acc:  42.86; ppl:  29.35; 12239 src tok/s; 5033 tgt tok/s;     68 s elapsed
Epoch  4,   450/ 1094; acc:  42.32; ppl:  29.89; 12865 src tok/s; 4553 tgt tok/s;     77 s elapsed
Epoch  4,   500/ 1094; acc:  42.80; ppl:  28.68; 11374 src tok/s; 4720 tgt tok/s;     85 s elapsed
Epoch  4,   550/ 1094; acc:  42.42; ppl:  30.06; 11817 src tok/s; 4496 tgt tok/s;     94 s elapsed
Epoch  4,   600/ 1094; acc:  42.63; ppl:  29.45; 11601 src tok/s; 4477 tgt tok/s;    103 s elapsed
Epoch  4,   650/ 1094; acc:  42.53; ppl:  29.75; 11760 src tok/s; 4480 tgt tok/s;    112 s elapsed
Epoch  4,   700/ 1094; acc:  42.59; ppl:  28.91; 12389 src tok/s; 4689 tgt tok/s;    120 s elapsed
Epoch  4,   750/ 1094; acc:  42.75; ppl:  28.65; 12117 src tok/s; 4540 tgt tok/s;    129 s elapsed
Epoch  4,   800/ 1094; acc:  42.88; ppl:  28.86; 10214 src tok/s; 4065 tgt tok/s;    138 s elapsed
Epoch  4,   850/ 1094; acc:  43.50; ppl:  28.20; 10673 src tok/s; 4251 tgt tok/s;    148 s elapsed
Epoch  4,   900/ 1094; acc:  43.13; ppl:  27.95; 12874 src tok/s; 4739 tgt tok/s;    156 s elapsed
Epoch  4,   950/ 1094; acc:  42.53; ppl:  29.32; 11934 src tok/s; 4234 tgt tok/s;    165 s elapsed
Epoch  4,  1000/ 1094; acc:  43.23; ppl:  27.38; 10929 src tok/s; 4600 tgt tok/s;    174 s elapsed
Epoch  4,  1050/ 1094; acc:  43.32; ppl:  27.96; 12151 src tok/s; 4489 tgt tok/s;    183 s elapsed
Train perplexity: 28.9908
Train accuracy: 42.7864
Validation perplexity: 37.6074
Validation accuracy: 39.0701

Epoch  5,    50/ 1094; acc:  45.69; ppl:  21.90; 11715 src tok/s; 4478 tgt tok/s;      9 s elapsed
Epoch  5,   100/ 1094; acc:  45.60; ppl:  21.80; 12549 src tok/s; 4714 tgt tok/s;     17 s elapsed
Epoch  5,   150/ 1094; acc:  44.54; ppl:  23.07; 12422 src tok/s; 4574 tgt tok/s;     26 s elapsed
Epoch  5,   200/ 1094; acc:  45.59; ppl:  21.77; 11436 src tok/s; 4584 tgt tok/s;     34 s elapsed
Epoch  5,   250/ 1094; acc:  45.25; ppl:  22.17; 11345 src tok/s; 4405 tgt tok/s;     43 s elapsed
Epoch  5,   300/ 1094; acc:  45.18; ppl:  22.08; 11543 src tok/s; 4502 tgt tok/s;     52 s elapsed
Epoch  5,   350/ 1094; acc:  44.25; ppl:  23.25; 12927 src tok/s; 4647 tgt tok/s;     60 s elapsed
Epoch  5,   400/ 1094; acc:  45.44; ppl:  21.94; 11649 src tok/s; 4782 tgt tok/s;     69 s elapsed
Epoch  5,   450/ 1094; acc:  45.13; ppl:  22.18; 12099 src tok/s; 4790 tgt tok/s;     77 s elapsed
Epoch  5,   500/ 1094; acc:  45.82; ppl:  21.46; 12741 src tok/s; 4760 tgt tok/s;     85 s elapsed
Epoch  5,   550/ 1094; acc:  45.18; ppl:  22.16; 12502 src tok/s; 4687 tgt tok/s;     93 s elapsed
Epoch  5,   600/ 1094; acc:  45.02; ppl:  22.97; 12123 src tok/s; 4673 tgt tok/s;    102 s elapsed
Epoch  5,   650/ 1094; acc:  45.34; ppl:  22.06; 11675 src tok/s; 4315 tgt tok/s;    111 s elapsed
Epoch  5,   700/ 1094; acc:  45.39; ppl:  22.10; 11366 src tok/s; 4368 tgt tok/s;    120 s elapsed
Epoch  5,   750/ 1094; acc:  45.24; ppl:  22.34; 12071 src tok/s; 4457 tgt tok/s;    129 s elapsed
Epoch  5,   800/ 1094; acc:  45.61; ppl:  22.32; 11589 src tok/s; 4617 tgt tok/s;    137 s elapsed
Epoch  5,   850/ 1094; acc:  45.61; ppl:  21.99; 11425 src tok/s; 4649 tgt tok/s;    146 s elapsed
Epoch  5,   900/ 1094; acc:  44.69; ppl:  22.93; 13534 src tok/s; 4888 tgt tok/s;    154 s elapsed
Epoch  5,   950/ 1094; acc:  45.37; ppl:  21.50; 12906 src tok/s; 4875 tgt tok/s;    162 s elapsed
Epoch  5,  1000/ 1094; acc:  45.13; ppl:  22.61; 13000 src tok/s; 4933 tgt tok/s;    170 s elapsed
Epoch  5,  1050/ 1094; acc:  45.18; ppl:  22.45; 13170 src tok/s; 4818 tgt tok/s;    178 s elapsed
Train perplexity: 22.227
Train accuracy: 45.2541
Validation perplexity: 32.134
Validation accuracy: 42.9901

Epoch  6,    50/ 1094; acc:  48.03; ppl:  16.86; 12623 src tok/s; 4702 tgt tok/s;      8 s elapsed
Epoch  6,   100/ 1094; acc:  48.33; ppl:  16.80; 12290 src tok/s; 4721 tgt tok/s;     17 s elapsed
Epoch  6,   150/ 1094; acc:  47.89; ppl:  17.39; 11831 src tok/s; 4738 tgt tok/s;     25 s elapsed
Epoch  6,   200/ 1094; acc:  47.46; ppl:  17.91; 12585 src tok/s; 4635 tgt tok/s;     33 s elapsed
Epoch  6,   250/ 1094; acc:  47.29; ppl:  18.15; 12790 src tok/s; 4547 tgt tok/s;     42 s elapsed
Epoch  6,   300/ 1094; acc:  47.64; ppl:  17.79; 11813 src tok/s; 4826 tgt tok/s;     50 s elapsed
Epoch  6,   350/ 1094; acc:  46.63; ppl:  18.93; 13876 src tok/s; 4991 tgt tok/s;     58 s elapsed
Epoch  6,   400/ 1094; acc:  48.24; ppl:  17.03; 12410 src tok/s; 5174 tgt tok/s;     66 s elapsed
Epoch  6,   450/ 1094; acc:  46.99; ppl:  18.42; 12042 src tok/s; 4625 tgt tok/s;     74 s elapsed
Epoch  6,   500/ 1094; acc:  47.43; ppl:  17.99; 12272 src tok/s; 4602 tgt tok/s;     83 s elapsed
Epoch  6,   550/ 1094; acc:  46.86; ppl:  18.28; 12383 src tok/s; 4631 tgt tok/s;     91 s elapsed
Epoch  6,   600/ 1094; acc:  47.38; ppl:  17.88; 11219 src tok/s; 4340 tgt tok/s;    100 s elapsed
Epoch  6,   650/ 1094; acc:  46.94; ppl:  18.43; 10676 src tok/s; 4191 tgt tok/s;    110 s elapsed
Epoch  6,   700/ 1094; acc:  47.14; ppl:  18.30; 10087 src tok/s; 3808 tgt tok/s;    120 s elapsed
Epoch  6,   750/ 1094; acc:  46.99; ppl:  18.56; 12169 src tok/s; 4557 tgt tok/s;    129 s elapsed
Epoch  6,   800/ 1094; acc:  46.65; ppl:  19.08; 11566 src tok/s; 4533 tgt tok/s;    137 s elapsed
Epoch  6,   850/ 1094; acc:  47.34; ppl:  18.24; 11881 src tok/s; 4369 tgt tok/s;    146 s elapsed
Epoch  6,   900/ 1094; acc:  47.05; ppl:  18.73; 10622 src tok/s; 4262 tgt tok/s;    155 s elapsed
Epoch  6,   950/ 1094; acc:  46.85; ppl:  18.69; 11426 src tok/s; 4285 tgt tok/s;    165 s elapsed
Epoch  6,  1000/ 1094; acc:  47.22; ppl:  18.35; 11838 src tok/s; 4621 tgt tok/s;    173 s elapsed
Epoch  6,  1050/ 1094; acc:  47.07; ppl:  18.67; 10761 src tok/s; 4319 tgt tok/s;    182 s elapsed
Train perplexity: 18.1266
Train accuracy: 47.3048
Validation perplexity: 30.2802
Validation accuracy: 43.1945

Epoch  7,    50/ 1094; acc:  49.50; ppl:  14.42; 11905 src tok/s; 4380 tgt tok/s;      9 s elapsed
Epoch  7,   100/ 1094; acc:  49.44; ppl:  14.72; 11321 src tok/s; 4523 tgt tok/s;     18 s elapsed
Epoch  7,   150/ 1094; acc:  49.41; ppl:  14.73; 11500 src tok/s; 4250 tgt tok/s;     27 s elapsed
Epoch  7,   200/ 1094; acc:  49.45; ppl:  14.88; 11616 src tok/s; 4525 tgt tok/s;     36 s elapsed
Epoch  7,   250/ 1094; acc:  49.04; ppl:  15.11; 11190 src tok/s; 4448 tgt tok/s;     44 s elapsed
Epoch  7,   300/ 1094; acc:  48.99; ppl:  15.06; 12232 src tok/s; 4489 tgt tok/s;     53 s elapsed
Epoch  7,   350/ 1094; acc:  49.23; ppl:  14.95; 12005 src tok/s; 4624 tgt tok/s;     62 s elapsed
Epoch  7,   400/ 1094; acc:  49.36; ppl:  15.14; 11648 src tok/s; 4404 tgt tok/s;     71 s elapsed
Epoch  7,   450/ 1094; acc:  49.73; ppl:  14.73; 11902 src tok/s; 4288 tgt tok/s;     80 s elapsed
Epoch  7,   500/ 1094; acc:  49.51; ppl:  14.75; 11500 src tok/s; 4668 tgt tok/s;     88 s elapsed
Epoch  7,   550/ 1094; acc:  49.30; ppl:  15.18; 11355 src tok/s; 4693 tgt tok/s;     97 s elapsed
Epoch  7,   600/ 1094; acc:  48.53; ppl:  15.97; 11924 src tok/s; 4288 tgt tok/s;    106 s elapsed
Epoch  7,   650/ 1094; acc:  48.37; ppl:  15.97; 11398 src tok/s; 4254 tgt tok/s;    115 s elapsed
Epoch  7,   700/ 1094; acc:  48.41; ppl:  15.79; 11867 src tok/s; 4659 tgt tok/s;    124 s elapsed
Epoch  7,   750/ 1094; acc:  48.77; ppl:  15.51; 12419 src tok/s; 4590 tgt tok/s;    132 s elapsed
Epoch  7,   800/ 1094; acc:  48.55; ppl:  15.95; 11870 src tok/s; 4691 tgt tok/s;    140 s elapsed
Epoch  7,   850/ 1094; acc:  48.00; ppl:  16.49; 12387 src tok/s; 4532 tgt tok/s;    149 s elapsed
Epoch  7,   900/ 1094; acc:  48.71; ppl:  15.27; 11904 src tok/s; 4718 tgt tok/s;    157 s elapsed
Epoch  7,   950/ 1094; acc:  47.86; ppl:  16.32; 11328 src tok/s; 4575 tgt tok/s;    166 s elapsed
Epoch  7,  1000/ 1094; acc:  48.70; ppl:  15.90; 12920 src tok/s; 4658 tgt tok/s;    174 s elapsed
Epoch  7,  1050/ 1094; acc:  48.68; ppl:  15.63; 10586 src tok/s; 4474 tgt tok/s;    183 s elapsed
Train perplexity: 15.3755
Train accuracy: 48.9128
Validation perplexity: 29.5518
Validation accuracy: 43.3009

Epoch  8,    50/ 1094; acc:  51.63; ppl:  12.31; 12342 src tok/s; 4508 tgt tok/s;      9 s elapsed
Epoch  8,   100/ 1094; acc:  51.34; ppl:  12.22; 11429 src tok/s; 4597 tgt tok/s;     17 s elapsed
Epoch  8,   150/ 1094; acc:  51.19; ppl:  12.52; 12293 src tok/s; 4444 tgt tok/s;     26 s elapsed
Epoch  8,   200/ 1094; acc:  51.07; ppl:  12.55; 11663 src tok/s; 4628 tgt tok/s;     35 s elapsed
Epoch  8,   250/ 1094; acc:  50.73; ppl:  13.03; 11692 src tok/s; 4591 tgt tok/s;     43 s elapsed
Epoch  8,   300/ 1094; acc:  50.11; ppl:  13.24; 12083 src tok/s; 4428 tgt tok/s;     52 s elapsed
Epoch  8,   350/ 1094; acc:  50.43; ppl:  13.33; 12715 src tok/s; 4713 tgt tok/s;     60 s elapsed
Epoch  8,   400/ 1094; acc:  50.87; ppl:  13.13; 12009 src tok/s; 4827 tgt tok/s;     68 s elapsed
Epoch  8,   450/ 1094; acc:  50.12; ppl:  13.54; 12034 src tok/s; 4338 tgt tok/s;     77 s elapsed
Epoch  8,   500/ 1094; acc:  50.24; ppl:  13.54; 11481 src tok/s; 4665 tgt tok/s;     86 s elapsed
Epoch  8,   550/ 1094; acc:  50.48; ppl:  13.22; 12070 src tok/s; 4624 tgt tok/s;     94 s elapsed
Epoch  8,   600/ 1094; acc:  50.22; ppl:  13.39; 11942 src tok/s; 4501 tgt tok/s;    103 s elapsed
Epoch  8,   650/ 1094; acc:  50.23; ppl:  13.74; 11548 src tok/s; 4536 tgt tok/s;    112 s elapsed
Epoch  8,   700/ 1094; acc:  49.42; ppl:  14.17; 12215 src tok/s; 4522 tgt tok/s;    121 s elapsed
Epoch  8,   750/ 1094; acc:  49.86; ppl:  13.75; 11242 src tok/s; 4609 tgt tok/s;    129 s elapsed
Epoch  8,   800/ 1094; acc:  49.61; ppl:  13.85; 12208 src tok/s; 4454 tgt tok/s;    138 s elapsed
Epoch  8,   850/ 1094; acc:  49.88; ppl:  13.93; 11775 src tok/s; 4476 tgt tok/s;    147 s elapsed
Epoch  8,   900/ 1094; acc:  48.77; ppl:  14.74; 12127 src tok/s; 4620 tgt tok/s;    155 s elapsed
Epoch  8,   950/ 1094; acc:  49.80; ppl:  13.94; 11170 src tok/s; 4382 tgt tok/s;    164 s elapsed
Epoch  8,  1000/ 1094; acc:  49.51; ppl:  14.01; 11964 src tok/s; 4447 tgt tok/s;    173 s elapsed
Epoch  8,  1050/ 1094; acc:  49.55; ppl:  13.98; 11559 src tok/s; 4606 tgt tok/s;    182 s elapsed
Train perplexity: 13.4385
Train accuracy: 50.2271
Validation perplexity: 28.6834
Validation accuracy: 43.5446
Decaying learning rate to 0.5

Epoch  9,    50/ 1094; acc:  54.01; ppl:  10.04; 10923 src tok/s; 4328 tgt tok/s;      9 s elapsed
Epoch  9,   100/ 1094; acc:  54.59; ppl:   9.84; 12404 src tok/s; 4590 tgt tok/s;     18 s elapsed
Epoch  9,   150/ 1094; acc:  54.89; ppl:   9.62; 11058 src tok/s; 4665 tgt tok/s;     26 s elapsed
Epoch  9,   200/ 1094; acc:  53.82; ppl:  10.05; 12428 src tok/s; 4350 tgt tok/s;     35 s elapsed
Epoch  9,   250/ 1094; acc:  54.48; ppl:   9.61; 12411 src tok/s; 4404 tgt tok/s;     44 s elapsed
Epoch  9,   300/ 1094; acc:  54.88; ppl:   9.49; 11048 src tok/s; 4665 tgt tok/s;     53 s elapsed
Epoch  9,   350/ 1094; acc:  54.21; ppl:   9.87; 12255 src tok/s; 4358 tgt tok/s;     62 s elapsed
Epoch  9,   400/ 1094; acc:  54.06; ppl:   9.97; 11099 src tok/s; 4577 tgt tok/s;     70 s elapsed
Epoch  9,   450/ 1094; acc:  54.39; ppl:   9.83; 11597 src tok/s; 4657 tgt tok/s;     79 s elapsed
Epoch  9,   500/ 1094; acc:  54.19; ppl:  10.04; 12319 src tok/s; 4493 tgt tok/s;     87 s elapsed
Epoch  9,   550/ 1094; acc:  54.48; ppl:   9.82; 11989 src tok/s; 4718 tgt tok/s;     96 s elapsed
Epoch  9,   600/ 1094; acc:  54.09; ppl:   9.93; 12346 src tok/s; 4510 tgt tok/s;    104 s elapsed
Epoch  9,   650/ 1094; acc:  53.80; ppl:  10.11; 12391 src tok/s; 4489 tgt tok/s;    113 s elapsed
Epoch  9,   700/ 1094; acc:  54.42; ppl:   9.70; 11461 src tok/s; 4635 tgt tok/s;    122 s elapsed
Epoch  9,   750/ 1094; acc:  54.66; ppl:   9.69; 11052 src tok/s; 4901 tgt tok/s;    130 s elapsed
Epoch  9,   800/ 1094; acc:  53.72; ppl:  10.37; 12993 src tok/s; 4455 tgt tok/s;    139 s elapsed
Epoch  9,   850/ 1094; acc:  54.84; ppl:   9.54; 11562 src tok/s; 4461 tgt tok/s;    147 s elapsed
Epoch  9,   900/ 1094; acc:  54.57; ppl:   9.69; 12200 src tok/s; 4594 tgt tok/s;    156 s elapsed
Epoch  9,   950/ 1094; acc:  54.66; ppl:   9.78; 11537 src tok/s; 4629 tgt tok/s;    164 s elapsed
Epoch  9,  1000/ 1094; acc:  54.12; ppl:  10.01; 12591 src tok/s; 4509 tgt tok/s;    173 s elapsed
Epoch  9,  1050/ 1094; acc:  54.75; ppl:   9.63; 11373 src tok/s; 4535 tgt tok/s;    182 s elapsed
Train perplexity: 9.84087
Train accuracy: 54.3495
Validation perplexity: 25.7421
Validation accuracy: 45.6369
Decaying learning rate to 0.25

Epoch 10,    50/ 1094; acc:  57.00; ppl:   8.19; 11959 src tok/s; 4528 tgt tok/s;      9 s elapsed
Epoch 10,   100/ 1094; acc:  58.10; ppl:   7.72; 11539 src tok/s; 4460 tgt tok/s;     18 s elapsed
Epoch 10,   150/ 1094; acc:  57.25; ppl:   7.93; 12631 src tok/s; 4484 tgt tok/s;     26 s elapsed
Epoch 10,   200/ 1094; acc:  58.14; ppl:   7.66; 10970 src tok/s; 4579 tgt tok/s;     35 s elapsed
Epoch 10,   250/ 1094; acc:  57.37; ppl:   8.00; 12369 src tok/s; 4622 tgt tok/s;     43 s elapsed
Epoch 10,   300/ 1094; acc:  57.46; ppl:   7.84; 11892 src tok/s; 4670 tgt tok/s;     52 s elapsed
Epoch 10,   350/ 1094; acc:  56.99; ppl:   8.02; 12411 src tok/s; 4576 tgt tok/s;     60 s elapsed
Epoch 10,   400/ 1094; acc:  58.35; ppl:   7.37; 11646 src tok/s; 4596 tgt tok/s;     69 s elapsed
Epoch 10,   450/ 1094; acc:  57.56; ppl:   7.86; 10863 src tok/s; 4440 tgt tok/s;     78 s elapsed
Epoch 10,   500/ 1094; acc:  57.22; ppl:   7.94; 12218 src tok/s; 4322 tgt tok/s;     87 s elapsed
Epoch 10,   550/ 1094; acc:  56.89; ppl:   8.23; 12647 src tok/s; 4612 tgt tok/s;     95 s elapsed
Epoch 10,   600/ 1094; acc:  57.33; ppl:   7.95; 11637 src tok/s; 4671 tgt tok/s;    104 s elapsed
Epoch 10,   650/ 1094; acc:  56.51; ppl:   8.35; 11907 src tok/s; 4396 tgt tok/s;    113 s elapsed
Epoch 10,   700/ 1094; acc:  57.63; ppl:   7.94; 11276 src tok/s; 4536 tgt tok/s;    121 s elapsed
Epoch 10,   750/ 1094; acc:  57.67; ppl:   7.90; 11676 src tok/s; 4634 tgt tok/s;    130 s elapsed
Epoch 10,   800/ 1094; acc:  57.39; ppl:   7.99; 12008 src tok/s; 4388 tgt tok/s;    139 s elapsed
Epoch 10,   850/ 1094; acc:  56.72; ppl:   8.08; 11744 src tok/s; 4406 tgt tok/s;    148 s elapsed
Epoch 10,   900/ 1094; acc:  57.33; ppl:   7.94; 11524 src tok/s; 4472 tgt tok/s;    157 s elapsed
Epoch 10,   950/ 1094; acc:  57.08; ppl:   8.10; 11546 src tok/s; 4229 tgt tok/s;    166 s elapsed
Epoch 10,  1000/ 1094; acc:  57.40; ppl:   7.94; 11283 src tok/s; 4519 tgt tok/s;    175 s elapsed
Epoch 10,  1050/ 1094; acc:  57.67; ppl:   7.73; 11163 src tok/s; 4435 tgt tok/s;    184 s elapsed
Train perplexity: 7.93699
Train accuracy: 57.3793
Validation perplexity: 25.2228
Validation accuracy: 46.4567
Decaying learning rate to 0.125

Epoch 11,    50/ 1094; acc:  58.75; ppl:   7.19; 11410 src tok/s; 4478 tgt tok/s;      9 s elapsed
Epoch 11,   100/ 1094; acc:  59.12; ppl:   6.99; 11834 src tok/s; 4393 tgt tok/s;     18 s elapsed
Epoch 11,   150/ 1094; acc:  59.44; ppl:   6.99; 11079 src tok/s; 4663 tgt tok/s;     26 s elapsed
Epoch 11,   200/ 1094; acc:  58.80; ppl:   7.20; 12679 src tok/s; 4390 tgt tok/s;     35 s elapsed
Epoch 11,   250/ 1094; acc:  58.65; ppl:   7.21; 12066 src tok/s; 4531 tgt tok/s;     44 s elapsed
Epoch 11,   300/ 1094; acc:  59.12; ppl:   7.01; 11377 src tok/s; 4498 tgt tok/s;     52 s elapsed
Epoch 11,   350/ 1094; acc:  58.60; ppl:   7.32; 12732 src tok/s; 4493 tgt tok/s;     61 s elapsed
Epoch 11,   400/ 1094; acc:  59.10; ppl:   7.11; 11082 src tok/s; 4543 tgt tok/s;     70 s elapsed
Epoch 11,   450/ 1094; acc:  59.11; ppl:   7.06; 12289 src tok/s; 4535 tgt tok/s;     79 s elapsed
Epoch 11,   500/ 1094; acc:  59.87; ppl:   6.68; 11800 src tok/s; 4614 tgt tok/s;     87 s elapsed
Epoch 11,   550/ 1094; acc:  59.09; ppl:   7.12; 12284 src tok/s; 4645 tgt tok/s;     96 s elapsed
Epoch 11,   600/ 1094; acc:  59.25; ppl:   6.99; 12041 src tok/s; 4679 tgt tok/s;    104 s elapsed
Epoch 11,   650/ 1094; acc:  59.25; ppl:   6.95; 11799 src tok/s; 4502 tgt tok/s;    113 s elapsed
Epoch 11,   700/ 1094; acc:  58.75; ppl:   7.27; 12185 src tok/s; 4625 tgt tok/s;    121 s elapsed
Epoch 11,   750/ 1094; acc:  59.27; ppl:   6.88; 12567 src tok/s; 4629 tgt tok/s;    130 s elapsed
Epoch 11,   800/ 1094; acc:  59.57; ppl:   6.93; 11278 src tok/s; 4515 tgt tok/s;    138 s elapsed
Epoch 11,   850/ 1094; acc:  59.43; ppl:   6.95; 11306 src tok/s; 4700 tgt tok/s;    147 s elapsed
Epoch 11,   900/ 1094; acc:  58.60; ppl:   7.16; 12219 src tok/s; 4323 tgt tok/s;    156 s elapsed
Epoch 11,   950/ 1094; acc:  59.67; ppl:   6.81; 10720 src tok/s; 4318 tgt tok/s;    165 s elapsed
Epoch 11,  1000/ 1094; acc:  58.74; ppl:   7.17; 11516 src tok/s; 4319 tgt tok/s;    174 s elapsed
Epoch 11,  1050/ 1094; acc:  59.43; ppl:   6.92; 11245 src tok/s; 4286 tgt tok/s;    183 s elapsed
Train perplexity: 7.05422
Train accuracy: 59.1054
Validation perplexity: 25.1961
Validation accuracy: 46.5724
Decaying learning rate to 0.0625

Epoch 12,    50/ 1094; acc:  59.76; ppl:   6.74; 12109 src tok/s; 4195 tgt tok/s;      9 s elapsed
Epoch 12,   100/ 1094; acc:  60.85; ppl:   6.29; 10426 src tok/s; 4447 tgt tok/s;     18 s elapsed
Epoch 12,   150/ 1094; acc:  60.70; ppl:   6.34; 11356 src tok/s; 4316 tgt tok/s;     27 s elapsed
Epoch 12,   200/ 1094; acc:  60.48; ppl:   6.47; 11548 src tok/s; 4410 tgt tok/s;     36 s elapsed
Epoch 12,   250/ 1094; acc:  60.32; ppl:   6.65; 11106 src tok/s; 4374 tgt tok/s;     45 s elapsed
Epoch 12,   300/ 1094; acc:  59.78; ppl:   6.68; 11858 src tok/s; 4386 tgt tok/s;     54 s elapsed
Epoch 12,   350/ 1094; acc:  60.21; ppl:   6.56; 11894 src tok/s; 4584 tgt tok/s;     63 s elapsed
Epoch 12,   400/ 1094; acc:  60.08; ppl:   6.53; 11794 src tok/s; 4395 tgt tok/s;     72 s elapsed
Epoch 12,   450/ 1094; acc:  59.17; ppl:   6.83; 12647 src tok/s; 4456 tgt tok/s;     81 s elapsed
Epoch 12,   500/ 1094; acc:  60.07; ppl:   6.62; 11144 src tok/s; 4731 tgt tok/s;     89 s elapsed
Epoch 12,   550/ 1094; acc:  59.92; ppl:   6.69; 11816 src tok/s; 4509 tgt tok/s;     98 s elapsed
Epoch 12,   600/ 1094; acc:  60.52; ppl:   6.51; 11499 src tok/s; 4315 tgt tok/s;    107 s elapsed
Epoch 12,   650/ 1094; acc:  60.05; ppl:   6.66; 12021 src tok/s; 4550 tgt tok/s;    115 s elapsed
Epoch 12,   700/ 1094; acc:  59.76; ppl:   6.78; 11760 src tok/s; 4538 tgt tok/s;    124 s elapsed
Epoch 12,   750/ 1094; acc:  60.02; ppl:   6.68; 11559 src tok/s; 4674 tgt tok/s;    132 s elapsed
Epoch 12,   800/ 1094; acc:  59.55; ppl:   6.68; 12232 src tok/s; 4390 tgt tok/s;    141 s elapsed
Epoch 12,   850/ 1094; acc:  59.68; ppl:   6.69; 11839 src tok/s; 4478 tgt tok/s;    150 s elapsed
Epoch 12,   900/ 1094; acc:  59.79; ppl:   6.67; 11444 src tok/s; 4517 tgt tok/s;    159 s elapsed
Epoch 12,   950/ 1094; acc:  60.44; ppl:   6.41; 11520 src tok/s; 4592 tgt tok/s;    167 s elapsed
Epoch 12,  1000/ 1094; acc:  59.23; ppl:   6.86; 12253 src tok/s; 4470 tgt tok/s;    176 s elapsed
Epoch 12,  1050/ 1094; acc:  59.81; ppl:   6.75; 11802 src tok/s; 4594 tgt tok/s;    185 s elapsed
Train perplexity: 6.62398
Train accuracy: 60.015
Validation perplexity: 25.2729
Validation accuracy: 46.6225
Decaying learning rate to 0.03125

Epoch 13,    50/ 1094; acc:  60.47; ppl:   6.44; 11185 src tok/s; 4256 tgt tok/s;      9 s elapsed
Epoch 13,   100/ 1094; acc:  60.54; ppl:   6.42; 11025 src tok/s; 4261 tgt tok/s;     18 s elapsed
Epoch 13,   150/ 1094; acc:  60.34; ppl:   6.49; 11979 src tok/s; 4444 tgt tok/s;     27 s elapsed
Epoch 13,   200/ 1094; acc:  61.14; ppl:   6.23; 11376 src tok/s; 4381 tgt tok/s;     36 s elapsed
Epoch 13,   250/ 1094; acc:  60.28; ppl:   6.56; 11676 src tok/s; 4315 tgt tok/s;     45 s elapsed
Epoch 13,   300/ 1094; acc:  61.06; ppl:   6.24; 11291 src tok/s; 4475 tgt tok/s;     54 s elapsed
Epoch 13,   350/ 1094; acc:  60.84; ppl:   6.26; 11268 src tok/s; 4569 tgt tok/s;     63 s elapsed
Epoch 13,   400/ 1094; acc:  60.83; ppl:   6.33; 11758 src tok/s; 4320 tgt tok/s;     72 s elapsed
Epoch 13,   450/ 1094; acc:  59.78; ppl:   6.60; 11704 src tok/s; 4472 tgt tok/s;     81 s elapsed
Epoch 13,   500/ 1094; acc:  60.64; ppl:   6.31; 12668 src tok/s; 4950 tgt tok/s;     89 s elapsed
Epoch 13,   550/ 1094; acc:  60.35; ppl:   6.40; 13492 src tok/s; 4831 tgt tok/s;     97 s elapsed
Epoch 13,   600/ 1094; acc:  60.76; ppl:   6.29; 12366 src tok/s; 5026 tgt tok/s;    105 s elapsed
Epoch 13,   650/ 1094; acc:  60.26; ppl:   6.59; 12752 src tok/s; 4864 tgt tok/s;    113 s elapsed
Epoch 13,   700/ 1094; acc:  60.77; ppl:   6.36; 12387 src tok/s; 4757 tgt tok/s;    121 s elapsed
Epoch 13,   750/ 1094; acc:  60.50; ppl:   6.49; 10973 src tok/s; 4274 tgt tok/s;    130 s elapsed
Epoch 13,   800/ 1094; acc:  60.66; ppl:   6.45; 12845 src tok/s; 4710 tgt tok/s;    138 s elapsed
Epoch 13,   850/ 1094; acc:  60.82; ppl:   6.15; 12635 src tok/s; 4858 tgt tok/s;    147 s elapsed
Epoch 13,   900/ 1094; acc:  60.18; ppl:   6.56; 12465 src tok/s; 4735 tgt tok/s;    155 s elapsed
Epoch 13,   950/ 1094; acc:  60.10; ppl:   6.58; 13206 src tok/s; 4842 tgt tok/s;    163 s elapsed
Epoch 13,  1000/ 1094; acc:  60.52; ppl:   6.38; 12348 src tok/s; 4863 tgt tok/s;    171 s elapsed
Epoch 13,  1050/ 1094; acc:  60.22; ppl:   6.49; 12734 src tok/s; 4841 tgt tok/s;    179 s elapsed
Train perplexity: 6.40205
Train accuracy: 60.5411
Validation perplexity: 25.3841
Validation accuracy: 46.6518
Decaying learning rate to 0.015625

Epoch 14,    50/ 1094; acc:  60.68; ppl:   6.39; 12199 src tok/s; 4560 tgt tok/s;      9 s elapsed
Epoch 14,   100/ 1094; acc:  61.08; ppl:   6.18; 11811 src tok/s; 4637 tgt tok/s;     17 s elapsed
Epoch 14,   150/ 1094; acc:  60.97; ppl:   6.21; 11859 src tok/s; 4550 tgt tok/s;     26 s elapsed
Epoch 14,   200/ 1094; acc:  60.42; ppl:   6.37; 12568 src tok/s; 4723 tgt tok/s;     34 s elapsed
Epoch 14,   250/ 1094; acc:  59.78; ppl:   6.63; 11327 src tok/s; 4218 tgt tok/s;     43 s elapsed
Epoch 14,   300/ 1094; acc:  60.81; ppl:   6.21; 11331 src tok/s; 4558 tgt tok/s;     52 s elapsed
Epoch 14,   350/ 1094; acc:  60.88; ppl:   6.36; 12062 src tok/s; 4536 tgt tok/s;     61 s elapsed
Epoch 14,   400/ 1094; acc:  60.62; ppl:   6.32; 11806 src tok/s; 4618 tgt tok/s;     69 s elapsed
Epoch 14,   450/ 1094; acc:  60.25; ppl:   6.34; 11763 src tok/s; 4592 tgt tok/s;     78 s elapsed
Epoch 14,   500/ 1094; acc:  61.12; ppl:   6.24; 12590 src tok/s; 4611 tgt tok/s;     86 s elapsed
Epoch 14,   550/ 1094; acc:  60.83; ppl:   6.29; 11650 src tok/s; 4495 tgt tok/s;     95 s elapsed
Epoch 14,   600/ 1094; acc:  60.54; ppl:   6.41; 11643 src tok/s; 4435 tgt tok/s;    104 s elapsed
Epoch 14,   650/ 1094; acc:  60.74; ppl:   6.27; 11958 src tok/s; 4591 tgt tok/s;    113 s elapsed
Epoch 14,   700/ 1094; acc:  61.04; ppl:   6.28; 11590 src tok/s; 4419 tgt tok/s;    121 s elapsed
Epoch 14,   750/ 1094; acc:  60.78; ppl:   6.34; 11222 src tok/s; 4384 tgt tok/s;    130 s elapsed
Epoch 14,   800/ 1094; acc:  60.39; ppl:   6.38; 11506 src tok/s; 4231 tgt tok/s;    140 s elapsed
Epoch 14,   850/ 1094; acc:  60.64; ppl:   6.38; 12404 src tok/s; 4414 tgt tok/s;    149 s elapsed
Epoch 14,   900/ 1094; acc:  60.80; ppl:   6.26; 11148 src tok/s; 4677 tgt tok/s;    157 s elapsed
Epoch 14,   950/ 1094; acc:  61.42; ppl:   6.05; 11683 src tok/s; 4725 tgt tok/s;    165 s elapsed
Epoch 14,  1000/ 1094; acc:  61.11; ppl:   6.20; 12939 src tok/s; 4606 tgt tok/s;    174 s elapsed
Epoch 14,  1050/ 1094; acc:  60.49; ppl:   6.42; 11675 src tok/s; 4510 tgt tok/s;    183 s elapsed
Train perplexity: 6.30711
Train accuracy: 60.7386
Validation perplexity: 25.452
Validation accuracy: 46.6773
Decaying learning rate to 0.0078125

Epoch 15,    50/ 1094; acc:  60.06; ppl:   6.48; 11571 src tok/s; 4415 tgt tok/s;      9 s elapsed
Epoch 15,   100/ 1094; acc:  61.24; ppl:   6.14; 11824 src tok/s; 4499 tgt tok/s;     18 s elapsed
Epoch 15,   150/ 1094; acc:  61.63; ppl:   6.04; 10837 src tok/s; 4574 tgt tok/s;     26 s elapsed
Epoch 15,   200/ 1094; acc:  60.69; ppl:   6.34; 12635 src tok/s; 4415 tgt tok/s;     35 s elapsed
Epoch 15,   250/ 1094; acc:  61.26; ppl:   6.16; 11339 src tok/s; 4618 tgt tok/s;     44 s elapsed
Epoch 15,   300/ 1094; acc:  61.01; ppl:   6.26; 12302 src tok/s; 4450 tgt tok/s;     52 s elapsed
Epoch 15,   350/ 1094; acc:  60.67; ppl:   6.22; 11991 src tok/s; 4751 tgt tok/s;     61 s elapsed
Epoch 15,   400/ 1094; acc:  60.14; ppl:   6.43; 12140 src tok/s; 4480 tgt tok/s;     70 s elapsed
Epoch 15,   450/ 1094; acc:  61.36; ppl:   6.07; 10833 src tok/s; 4580 tgt tok/s;     78 s elapsed
Epoch 15,   500/ 1094; acc:  60.76; ppl:   6.32; 12533 src tok/s; 4390 tgt tok/s;     87 s elapsed
Epoch 15,   550/ 1094; acc:  60.47; ppl:   6.38; 12044 src tok/s; 4523 tgt tok/s;     96 s elapsed
Epoch 15,   600/ 1094; acc:  60.93; ppl:   6.29; 12106 src tok/s; 4662 tgt tok/s;    104 s elapsed
Epoch 15,   650/ 1094; acc:  61.05; ppl:   6.13; 12187 src tok/s; 4453 tgt tok/s;    113 s elapsed
Epoch 15,   700/ 1094; acc:  60.62; ppl:   6.38; 11150 src tok/s; 4410 tgt tok/s;    122 s elapsed
Epoch 15,   750/ 1094; acc:  61.02; ppl:   6.20; 10792 src tok/s; 4492 tgt tok/s;    131 s elapsed
Epoch 15,   800/ 1094; acc:  60.40; ppl:   6.33; 12160 src tok/s; 4294 tgt tok/s;    140 s elapsed
Epoch 15,   850/ 1094; acc:  60.84; ppl:   6.32; 11369 src tok/s; 4304 tgt tok/s;    149 s elapsed
Epoch 15,   900/ 1094; acc:  60.89; ppl:   6.28; 10924 src tok/s; 4246 tgt tok/s;    158 s elapsed
Epoch 15,   950/ 1094; acc:  60.92; ppl:   6.18; 11154 src tok/s; 4354 tgt tok/s;    167 s elapsed
Epoch 15,  1000/ 1094; acc:  61.33; ppl:   6.16; 11439 src tok/s; 4247 tgt tok/s;    177 s elapsed
Epoch 15,  1050/ 1094; acc:  60.70; ppl:   6.36; 11820 src tok/s; 4527 tgt tok/s;    185 s elapsed
Train perplexity: 6.25582
Train accuracy: 60.8723
Validation perplexity: 25.4968
Validation accuracy: 46.6534
Decaying learning rate to 0.00390625
